{"D:\\NodeJS_45\\Practice.js\\be_cyber_media\\src\\common\\constant\\app.constant.js": {"path":"D:\\NodeJS_45\\Practice.js\\be_cyber_media\\src\\common\\constant\\app.constant.js","statementMap":{"0":{"start":{"line":3,"column":35},"end":{"line":3,"column":66}},"1":{"start":{"line":4,"column":36},"end":{"line":4,"column":68}},"2":{"start":{"line":6,"column":36},"end":{"line":6,"column":68}},"3":{"start":{"line":7,"column":37},"end":{"line":7,"column":70}}},"fnMap":{},"branchMap":{},"s":{"0":1,"1":1,"2":1,"3":1},"f":{},"b":{},"_coverageSchema":"1a1c01bbd47fc00a2c39e90264f33305004495a9","hash":"ab3b98b86ae278ff7d7ce4e3b398898739eb5dea"}
,"D:\\NodeJS_45\\Practice.js\\be_cyber_media\\src\\common\\helpers\\error.helper.js": {"path":"D:\\NodeJS_45\\Practice.js\\be_cyber_media\\src\\common\\helpers\\error.helper.js","statementMap":{"0":{"start":{"line":2,"column":49},"end":{"line":2,"column":52}},"1":{"start":{"line":5,"column":28},"end":{"line":15,"column":1}},"2":{"start":{"line":6,"column":2},"end":{"line":6,"column":38}},"3":{"start":{"line":8,"column":2},"end":{"line":8,"column":55}},"4":{"start":{"line":8,"column":40},"end":{"line":8,"column":55}},"5":{"start":{"line":10,"column":2},"end":{"line":10,"column":55}},"6":{"start":{"line":10,"column":40},"end":{"line":10,"column":55}},"7":{"start":{"line":12,"column":18},"end":{"line":12,"column":54}},"8":{"start":{"line":14,"column":2},"end":{"line":14,"column":41}},"9":{"start":{"line":19,"column":4},"end":{"line":19,"column":19}},"10":{"start":{"line":20,"column":4},"end":{"line":20,"column":20}},"11":{"start":{"line":27,"column":4},"end":{"line":27,"column":19}},"12":{"start":{"line":28,"column":4},"end":{"line":28,"column":20}},"13":{"start":{"line":34,"column":4},"end":{"line":34,"column":19}},"14":{"start":{"line":35,"column":4},"end":{"line":35,"column":20}}},"fnMap":{"0":{"name":"(anonymous_0)","decl":{"start":{"line":5,"column":28},"end":{"line":5,"column":29}},"loc":{"start":{"line":5,"column":53},"end":{"line":15,"column":1}},"line":5},"1":{"name":"(anonymous_1)","decl":{"start":{"line":18,"column":2},"end":{"line":18,"column":3}},"loc":{"start":{"line":18,"column":43},"end":{"line":21,"column":3}},"line":18},"2":{"name":"(anonymous_2)","decl":{"start":{"line":26,"column":2},"end":{"line":26,"column":3}},"loc":{"start":{"line":26,"column":42},"end":{"line":29,"column":3}},"line":26},"3":{"name":"(anonymous_3)","decl":{"start":{"line":33,"column":2},"end":{"line":33,"column":3}},"loc":{"start":{"line":33,"column":45},"end":{"line":36,"column":3}},"line":33}},"branchMap":{"0":{"loc":{"start":{"line":8,"column":2},"end":{"line":8,"column":55}},"type":"if","locations":[{"start":{"line":8,"column":2},"end":{"line":8,"column":55}},{"start":{},"end":{}}],"line":8},"1":{"loc":{"start":{"line":10,"column":2},"end":{"line":10,"column":55}},"type":"if","locations":[{"start":{"line":10,"column":2},"end":{"line":10,"column":55}},{"start":{},"end":{}}],"line":10},"2":{"loc":{"start":{"line":18,"column":14},"end":{"line":18,"column":41}},"type":"default-arg","locations":[{"start":{"line":18,"column":24},"end":{"line":18,"column":41}}],"line":18},"3":{"loc":{"start":{"line":26,"column":14},"end":{"line":26,"column":40}},"type":"default-arg","locations":[{"start":{"line":26,"column":24},"end":{"line":26,"column":40}}],"line":26},"4":{"loc":{"start":{"line":33,"column":14},"end":{"line":33,"column":43}},"type":"default-arg","locations":[{"start":{"line":33,"column":24},"end":{"line":33,"column":43}}],"line":33}},"s":{"0":1,"1":1,"2":0,"3":0,"4":0,"5":0,"6":0,"7":0,"8":0,"9":0,"10":0,"11":0,"12":0,"13":0,"14":0},"f":{"0":0,"1":0,"2":0,"3":0},"b":{"0":[0,0],"1":[0,0],"2":[0],"3":[0],"4":[0]},"_coverageSchema":"1a1c01bbd47fc00a2c39e90264f33305004495a9","hash":"c37be62d2a135ef5b7359ee6d114eb78dae35235"}
,"D:\\NodeJS_45\\Practice.js\\be_cyber_media\\src\\common\\helpers\\response.helper.js": {"path":"D:\\NodeJS_45\\Practice.js\\be_cyber_media\\src\\common\\helpers\\response.helper.js","statementMap":{"0":{"start":{"line":1,"column":31},"end":{"line":13,"column":1}},"1":{"start":{"line":6,"column":2},"end":{"line":12,"column":4}},"2":{"start":{"line":15,"column":29},"end":{"line":26,"column":1}},"3":{"start":{"line":20,"column":2},"end":{"line":25,"column":4}}},"fnMap":{"0":{"name":"(anonymous_0)","decl":{"start":{"line":1,"column":31},"end":{"line":1,"column":32}},"loc":{"start":{"line":5,"column":5},"end":{"line":13,"column":1}},"line":5},"1":{"name":"(anonymous_1)","decl":{"start":{"line":15,"column":29},"end":{"line":15,"column":30}},"loc":{"start":{"line":19,"column":5},"end":{"line":26,"column":1}},"line":19}},"branchMap":{"0":{"loc":{"start":{"line":2,"column":2},"end":{"line":2,"column":17}},"type":"default-arg","locations":[{"start":{"line":2,"column":13},"end":{"line":2,"column":17}}],"line":2},"1":{"loc":{"start":{"line":3,"column":2},"end":{"line":3,"column":17}},"type":"default-arg","locations":[{"start":{"line":3,"column":12},"end":{"line":3,"column":17}}],"line":3},"2":{"loc":{"start":{"line":4,"column":2},"end":{"line":4,"column":12}},"type":"default-arg","locations":[{"start":{"line":4,"column":9},"end":{"line":4,"column":12}}],"line":4},"3":{"loc":{"start":{"line":16,"column":2},"end":{"line":16,"column":35}},"type":"default-arg","locations":[{"start":{"line":16,"column":12},"end":{"line":16,"column":35}}],"line":16},"4":{"loc":{"start":{"line":17,"column":2},"end":{"line":17,"column":12}},"type":"default-arg","locations":[{"start":{"line":17,"column":9},"end":{"line":17,"column":12}}],"line":17},"5":{"loc":{"start":{"line":18,"column":2},"end":{"line":18,"column":14}},"type":"default-arg","locations":[{"start":{"line":18,"column":10},"end":{"line":18,"column":14}}],"line":18}},"s":{"0":1,"1":0,"2":1,"3":0},"f":{"0":0,"1":0},"b":{"0":[0],"1":[0],"2":[0],"3":[0],"4":[0],"5":[0]},"_coverageSchema":"1a1c01bbd47fc00a2c39e90264f33305004495a9","hash":"531e6fcab4d88a0461422261fdcb30c230bc8085"}
,"D:\\NodeJS_45\\Practice.js\\be_cyber_media\\src\\common\\prisma\\init.prisma.js": {"path":"D:\\NodeJS_45\\Practice.js\\be_cyber_media\\src\\common\\prisma\\init.prisma.js","statementMap":{"0":{"start":{"line":3,"column":15},"end":{"line":9,"column":2}}},"fnMap":{},"branchMap":{},"s":{"0":1},"f":{},"b":{},"_coverageSchema":"1a1c01bbd47fc00a2c39e90264f33305004495a9","hash":"0a2e26e892b65709de303612e1aef86a10662aea"}
,"D:\\NodeJS_45\\Practice.js\\be_cyber_media\\src\\services\\auth.service.js": {"path":"D:\\NodeJS_45\\Practice.js\\be_cyber_media\\src\\services\\auth.service.js","statementMap":{"0":{"start":{"line":14,"column":20},"end":{"line":152,"column":1}},"1":{"start":{"line":17,"column":44},"end":{"line":17,"column":52}},"2":{"start":{"line":18,"column":4},"end":{"line":18,"column":49}},"3":{"start":{"line":23,"column":22},"end":{"line":27,"column":6}},"4":{"start":{"line":29,"column":4},"end":{"line":30,"column":71}},"5":{"start":{"line":30,"column":6},"end":{"line":30,"column":71}},"6":{"start":{"line":31,"column":4},"end":{"line":31,"column":31}},"7":{"start":{"line":33,"column":25},"end":{"line":33,"column":55}},"8":{"start":{"line":36,"column":20},"end":{"line":42,"column":6}},"9":{"start":{"line":44,"column":4},"end":{"line":44,"column":19}},"10":{"start":{"line":48,"column":33},"end":{"line":48,"column":41}},"11":{"start":{"line":49,"column":4},"end":{"line":49,"column":34}},"12":{"start":{"line":53,"column":23},"end":{"line":62,"column":6}},"13":{"start":{"line":64,"column":4},"end":{"line":65,"column":72}},"14":{"start":{"line":65,"column":6},"end":{"line":65,"column":72}},"15":{"start":{"line":68,"column":4},"end":{"line":68,"column":28}},"16":{"start":{"line":69,"column":21},"end":{"line":69,"column":41}},"17":{"start":{"line":70,"column":23},"end":{"line":70,"column":62}},"18":{"start":{"line":71,"column":4},"end":{"line":71,"column":75}},"19":{"start":{"line":71,"column":21},"end":{"line":71,"column":75}},"20":{"start":{"line":73,"column":19},"end":{"line":73,"column":56}},"21":{"start":{"line":75,"column":4},"end":{"line":75,"column":18}},"22":{"start":{"line":78,"column":41},"end":{"line":78,"column":49}},"23":{"start":{"line":79,"column":4},"end":{"line":79,"column":42}},"24":{"start":{"line":80,"column":23},"end":{"line":91,"column":6}},"25":{"start":{"line":92,"column":4},"end":{"line":119,"column":5}},"26":{"start":{"line":101,"column":6},"end":{"line":109,"column":9}},"27":{"start":{"line":111,"column":6},"end":{"line":118,"column":9}},"28":{"start":{"line":120,"column":19},"end":{"line":120,"column":56}},"29":{"start":{"line":122,"column":4},"end":{"line":122,"column":18}},"30":{"start":{"line":125,"column":4},"end":{"line":125,"column":29}},"31":{"start":{"line":126,"column":25},"end":{"line":126,"column":66}},"32":{"start":{"line":127,"column":24},"end":{"line":127,"column":53}},"33":{"start":{"line":129,"column":4},"end":{"line":129,"column":47}},"34":{"start":{"line":131,"column":4},"end":{"line":131,"column":53}},"35":{"start":{"line":131,"column":23},"end":{"line":131,"column":53}},"36":{"start":{"line":132,"column":4},"end":{"line":132,"column":52}},"37":{"start":{"line":132,"column":22},"end":{"line":132,"column":52}},"38":{"start":{"line":134,"column":31},"end":{"line":134,"column":77}},"39":{"start":{"line":135,"column":30},"end":{"line":137,"column":6}},"40":{"start":{"line":139,"column":4},"end":{"line":140,"column":36}},"41":{"start":{"line":140,"column":6},"end":{"line":140,"column":36}},"42":{"start":{"line":142,"column":17},"end":{"line":146,"column":6}},"43":{"start":{"line":148,"column":19},"end":{"line":148,"column":50}},"44":{"start":{"line":150,"column":4},"end":{"line":150,"column":18}}},"fnMap":{"0":{"name":"(anonymous_0)","decl":{"start":{"line":15,"column":12},"end":{"line":15,"column":13}},"loc":{"start":{"line":15,"column":27},"end":{"line":45,"column":3}},"line":15},"1":{"name":"(anonymous_1)","decl":{"start":{"line":46,"column":9},"end":{"line":46,"column":10}},"loc":{"start":{"line":46,"column":24},"end":{"line":76,"column":3}},"line":46},"2":{"name":"(anonymous_2)","decl":{"start":{"line":77,"column":17},"end":{"line":77,"column":18}},"loc":{"start":{"line":77,"column":32},"end":{"line":123,"column":3}},"line":77},"3":{"name":"(anonymous_3)","decl":{"start":{"line":124,"column":16},"end":{"line":124,"column":17}},"loc":{"start":{"line":124,"column":31},"end":{"line":151,"column":3}},"line":124}},"branchMap":{"0":{"loc":{"start":{"line":29,"column":4},"end":{"line":30,"column":71}},"type":"if","locations":[{"start":{"line":29,"column":4},"end":{"line":30,"column":71}},{"start":{},"end":{}}],"line":29},"1":{"loc":{"start":{"line":64,"column":4},"end":{"line":65,"column":72}},"type":"if","locations":[{"start":{"line":64,"column":4},"end":{"line":65,"column":72}},{"start":{},"end":{}}],"line":64},"2":{"loc":{"start":{"line":71,"column":4},"end":{"line":71,"column":75}},"type":"if","locations":[{"start":{"line":71,"column":4},"end":{"line":71,"column":75}},{"start":{},"end":{}}],"line":71},"3":{"loc":{"start":{"line":92,"column":4},"end":{"line":119,"column":5}},"type":"if","locations":[{"start":{"line":92,"column":4},"end":{"line":119,"column":5}},{"start":{"line":110,"column":11},"end":{"line":119,"column":5}}],"line":92},"4":{"loc":{"start":{"line":106,"column":21},"end":{"line":106,"column":60}},"type":"cond-expr","locations":[{"start":{"line":106,"column":44},"end":{"line":106,"column":53}},{"start":{"line":106,"column":56},"end":{"line":106,"column":60}}],"line":106},"5":{"loc":{"start":{"line":107,"column":18},"end":{"line":107,"column":66}},"type":"cond-expr","locations":[{"start":{"line":107,"column":38},"end":{"line":107,"column":47}},{"start":{"line":107,"column":50},"end":{"line":107,"column":66}}],"line":107},"6":{"loc":{"start":{"line":131,"column":4},"end":{"line":131,"column":53}},"type":"if","locations":[{"start":{"line":131,"column":4},"end":{"line":131,"column":53}},{"start":{},"end":{}}],"line":131},"7":{"loc":{"start":{"line":132,"column":4},"end":{"line":132,"column":52}},"type":"if","locations":[{"start":{"line":132,"column":4},"end":{"line":132,"column":52}},{"start":{},"end":{}}],"line":132},"8":{"loc":{"start":{"line":139,"column":4},"end":{"line":140,"column":36}},"type":"if","locations":[{"start":{"line":139,"column":4},"end":{"line":140,"column":36}},{"start":{},"end":{}}],"line":139}},"s":{"0":1,"1":1,"2":1,"3":1,"4":1,"5":0,"6":1,"7":1,"8":1,"9":1,"10":0,"11":0,"12":0,"13":0,"14":0,"15":0,"16":0,"17":0,"18":0,"19":0,"20":0,"21":0,"22":0,"23":0,"24":0,"25":0,"26":0,"27":0,"28":0,"29":0,"30":0,"31":0,"32":0,"33":0,"34":0,"35":0,"36":0,"37":0,"38":0,"39":0,"40":0,"41":0,"42":0,"43":0,"44":0},"f":{"0":1,"1":0,"2":0,"3":0},"b":{"0":[0,1],"1":[0,0],"2":[0,0],"3":[0,0],"4":[0,0],"5":[0,0],"6":[0,0],"7":[0,0],"8":[0,0]},"_coverageSchema":"1a1c01bbd47fc00a2c39e90264f33305004495a9","hash":"bed3f2864f91b3a8fe965f19261052121d0e7d29"}
,"D:\\NodeJS_45\\Practice.js\\be_cyber_media\\src\\services\\token.service.js": {"path":"D:\\NodeJS_45\\Practice.js\\be_cyber_media\\src\\services\\token.service.js","statementMap":{"0":{"start":{"line":9,"column":21},"end":{"line":37,"column":1}},"1":{"start":{"line":15,"column":24},"end":{"line":21,"column":5}},"2":{"start":{"line":28,"column":25},"end":{"line":34,"column":5}},"3":{"start":{"line":35,"column":4},"end":{"line":35,"column":41}}},"fnMap":{"0":{"name":"(anonymous_0)","decl":{"start":{"line":10,"column":16},"end":{"line":10,"column":17}},"loc":{"start":{"line":10,"column":26},"end":{"line":36,"column":3}},"line":10}},"branchMap":{},"s":{"0":1,"1":0,"2":0,"3":0},"f":{"0":0},"b":{},"_coverageSchema":"1a1c01bbd47fc00a2c39e90264f33305004495a9","hash":"59084466d5269bbfe28b7b6958e06e60973aa989"}
}
